<?xml version="1.0" encoding="UTF-8"?>
<!-- Generated by org.testng.reporters.JUnitReportReporter -->
<testsuite hostname="TheMachine" failures="0" tests="1" name="com.inetBankingV1.testCases.GoogleTest" time="31.720" errors="0" timestamp="2022-04-02T13:23:48 IST" skipped="0">
  <testcase classname="com.inetBankingV1.testCases.GoogleTest" name="testGoogle" time="31.720"/>
  <system-out/>
</testsuite> <!-- com.inetBankingV1.testCases.GoogleTest -->
