<?xml version="1.0" encoding="UTF-8"?>
<!-- Generated by org.testng.reporters.JUnitReportReporter -->
<testsuite hostname="TheMachine" failures="0" tests="1" name="com.inetBankingV1.testCases.LoginTest_001" time="12.175" errors="0" timestamp="2022-04-04T11:30:31 IST" skipped="0">
  <testcase classname="com.inetBankingV1.testCases.LoginTest_001" name="loginTest" time="12.175"/>
  <system-out/>
</testsuite> <!-- com.inetBankingV1.testCases.LoginTest_001 -->
